<?xml version="1.0" encoding="UTF-8"?>
<!-- Generated by org.testng.reporters.JUnitXMLReporter -->
<testsuite ignored="0" hostname="DESKTOP-HD87JMG" failures="0" tests="6" name="Surefire test" time="0.054" errors="0" timestamp="2025-08-27T22:35:02 EEST">
  <testcase classname="suite1.GroupA1Test" name="testA1" time="0.001"/>
  <testcase classname="suite1.GroupA1Test" name="testA2" time="0.0"/>
  <testcase classname="suite1.GroupB1Test" name="testB1" time="0.001"/>
  <testcase classname="suite2.GroupA2Test" name="testA3" time="0.0"/>
  <testcase classname="suite2.GroupB2Test" name="testB2" time="0.0"/>
  <testcase classname="suite2.GroupB2Test" name="testB3" time="0.0"/>
</testsuite> <!-- Surefire test -->
