<?xml version="1.0" encoding="UTF-8"?>
<!-- Generated by org.testng.reporters.JUnitXMLReporter -->
<testsuite ignored="0" hostname="DESKTOP-HD87JMG" failures="0" tests="7" name="Invalid Username Test" time="40.778" errors="0" timestamp="2025-08-30T14:20:27 EEST">
  <testcase classname="Login_Tests" name="invalidUserName_TC" time="0.684"/>
  <testcase classname="Login_Tests" name="invalidUserName_TC" time="0.606"/>
  <testcase classname="Login_Tests" name="invalidUserName_TC" time="0.693"/>
  <testcase classname="Login_Tests" name="invalidUserName_TC" time="0.58"/>
  <testcase classname="Login_Tests" name="invalidUserName_TC" time="0.549"/>
  <testcase classname="Login_Tests" name="invalidUserName_TC" time="1.112"/>
  <testcase classname="Login_Tests" name="invalidUserName_TC" time="0.613"/>
</testsuite> <!-- Invalid Username Test -->
