<?xml version="1.0" encoding="UTF-8"?>
<!-- Generated by org.testng.reporters.JUnitXMLReporter -->
<testsuite ignored="0" hostname="DESKTOP-HD87JMG" failures="0" tests="3" name="Surefire test" time="10.337" errors="0" timestamp="2025-08-27T21:41:08 EEST">
  <testcase classname="Login_Tests" name="Valid_TC" time="0.553"/>
  <testcase classname="Login_Tests" name="invalidPassword_TC1" time="0.522"/>
  <testcase classname="Login_Tests" name="invalidUserName_TC1" time="0.54"/>
</testsuite> <!-- Surefire test -->
