<?xml version="1.0" encoding="UTF-8"?>
<!-- Generated by org.testng.reporters.JUnitXMLReporter -->
<testsuite ignored="2" hostname="DESKTOP-HD87JMG" failures="0" tests="1" name="TestGroupA_Suite2" time="0.002" errors="0" timestamp="2025-08-27T23:23:10 EEST">
  <testcase classname="suite2.GroupA2Test" name="testA3" time="0.001"/>
  <testcase classname="suite2.GroupB2Test" name="testB3" time="0.0">
    <ignored/>
  </testcase> <!-- testB3 -->
  <testcase classname="suite2.GroupB2Test" name="testB2" time="0.0">
    <ignored/>
  </testcase> <!-- testB2 -->
</testsuite> <!-- TestGroupA_Suite2 -->
