<?xml version="1.0" encoding="UTF-8"?>
<!-- Generated by org.testng.reporters.JUnitXMLReporter -->
<testsuite ignored="1" hostname="DESKTOP-HD87JMG" failures="0" tests="2" name="TestGroupB_Suite2" time="0.001" errors="0" timestamp="2025-08-27T23:23:10 EEST">
  <testcase classname="suite2.GroupB2Test" name="testB2" time="0.0"/>
  <testcase classname="suite2.GroupB2Test" name="testB3" time="0.001"/>
  <testcase classname="suite2.GroupA2Test" name="testA3" time="0.0">
    <ignored/>
  </testcase> <!-- testA3 -->
</testsuite> <!-- TestGroupB_Suite2 -->
