<?xml version="1.0" encoding="UTF-8"?>
<!-- Generated by org.testng.reporters.JUnitXMLReporter -->
<testsuite ignored="0" hostname="Mahmouuudd" failures="1" tests="1" name="LoginUserTest" time="35.521" errors="0" timestamp="2025-09-12T05:39:20 EEST">
  <testcase classname="testCases.LoginUserTest" name="testLoginUserWithCorrectCredentials" time="32.22">
    <failure type="java.lang.AssertionError" message="Logged in as username is not visible">
      <![CDATA[java.lang.AssertionError: Logged in as username is not visible
at testCases.LoginUserTest.testLoginUserWithCorrectCredentials(LoginUserTest.java:74)
at java.base/java.util.ArrayList.forEach(ArrayList.java:1604)
... Removed 29 stack frames]]>
    </failure>
  </testcase> <!-- testLoginUserWithCorrectCredentials -->
</testsuite> <!-- LoginUserTest -->
