<?xml version="1.0" encoding="UTF-8"?>
<!-- Generated by org.testng.reporters.JUnitXMLReporter -->
<testsuite ignored="0" hostname="Mahmouuudd" failures="0" tests="12" name="TestCases" time="214.448" errors="0" timestamp="2025-09-14T03:53:54 EEST">
  <testcase classname="testCases.AddProductsInCartTest" name="testAddProductsInCart" time="10.543"/>
  <testcase classname="testCases.ContactUsTest" name="testContactUsForm" time="11.116"/>
  <testcase classname="testCases.LoginUserIncorrectTest" name="testLoginUserWithIncorrectCredentials" time="10.307"/>
  <testcase classname="testCases.LoginUserTest" name="testLoginUserWithCorrectCredentials" time="21.99"/>
  <testcase classname="testCases.LogoutUserTest" name="testLogoutUser" time="18.759"/>
  <testcase classname="testCases.RegisterUserExistingEmailTest" name="testRegisterUserWithExistingEmail" time="36.92"/>
  <testcase classname="testCases.RegisterUserTest" name="testRegisterUser" time="34.618"/>
  <testcase classname="testCases.SearchProductTest" name="testSearchProduct" time="13.705"/>
  <testcase classname="testCases.VerifyAllProductsAndDetailPageTest" name="testVerifyAllProductsAndDetailPage" time="18.994"/>
  <testcase classname="testCases.VerifySubscriptionInCartPageTest" name="testVerifySubscriptionInCartPage" time="7.368"/>
  <testcase classname="testCases.VerifySubscriptionInHomePageTest" name="testVerifySubscriptionInHomePage" time="7.373"/>
  <testcase classname="testCases.VerifyTestCasesPageTest" name="testVerifyTestCasesPage" time="11.088"/>
</testsuite> <!-- TestCases -->
