<?xml version="1.0" encoding="UTF-8"?>
<!-- Generated by org.testng.reporters.JUnitXMLReporter -->
<testsuite ignored="0" hostname="Mahmouuudd" failures="0" tests="9" name="TestPackageOne" time="0.048" errors="0" timestamp="2025-09-12T03:54:21 EEST">
  <testcase classname="packageOne_testng.ClassOne" name="method1" time="0.005"/>
  <testcase classname="packageOne_testng.ClassOne" name="method2" time="0.0"/>
  <testcase classname="packageOne_testng.ClassOne" name="method3" time="0.0"/>
  <testcase classname="packageOne_testng.ClassThree" name="method7" time="0.0"/>
  <testcase classname="packageOne_testng.ClassThree" name="method8" time="0.001"/>
  <testcase classname="packageOne_testng.ClassThree" name="method9" time="0.0"/>
  <testcase classname="packageOne_testng.ClassTwo" name="method4" time="0.0"/>
  <testcase classname="packageOne_testng.ClassTwo" name="method5" time="0.0"/>
  <testcase classname="packageOne_testng.ClassTwo" name="method6" time="0.0"/>
</testsuite> <!-- TestPackageOne -->
