<?xml version="1.0" encoding="UTF-8"?>
<!-- Generated by org.testng.reporters.JUnitXMLReporter -->
<testsuite ignored="0" hostname="Mahmouuudd" failures="0" tests="9" name="TestPackageTwo" time="0.009" errors="0" timestamp="2025-09-12T03:43:15 EEST">
  <testcase classname="packageTwo_testng.ClassFive" name="method13" time="0.001"/>
  <testcase classname="packageTwo_testng.ClassFive" name="method14" time="0.0"/>
  <testcase classname="packageTwo_testng.ClassFive" name="method15" time="0.0"/>
  <testcase classname="packageTwo_testng.ClassFour" name="method10" time="0.0"/>
  <testcase classname="packageTwo_testng.ClassFour" name="method11" time="0.0"/>
  <testcase classname="packageTwo_testng.ClassFour" name="method12" time="0.0"/>
  <testcase classname="packageTwo_testng.ClassSix" name="method16" time="0.0"/>
  <testcase classname="packageTwo_testng.ClassSix" name="method17" time="0.001"/>
  <testcase classname="packageTwo_testng.ClassSix" name="method18" time="0.001"/>
</testsuite> <!-- TestPackageTwo -->
