<?xml version="1.0" encoding="UTF-8"?>
<!-- Generated by org.testng.reporters.JUnitXMLReporter -->
<testsuite ignored="2" hostname="DESKTOP-HD87JMG" failures="1" tests="6" name="Surefire test" time="0.033" errors="0" timestamp="2025-08-22T21:48:14 EEST">
  <testcase classname="Test1" name="highPriorityTest" time="0.003"/>
  <testcase classname="Test1" name="defaultPriorityTest" time="0.001"/>
  <testcase classname="Test1" name="enabledTest" time="0.001">
    <failure type="java.lang.AssertionError" message="null">
      <![CDATA[java.lang.AssertionError: null
at Test1.enabledTest(Test1.java:27)
at java.base/java.util.ArrayList.forEach(ArrayList.java:1604)
... Removed 32 stack frames]]>
    </failure>
  </testcase> <!-- enabledTest -->
  <testcase classname="Test1" name="alwaysRunDepTest" time="0.001"/>
  <testcase classname="Test1" name="dependentTest" time="0.0">
    <skipped/>
  </testcase> <!-- dependentTest -->
  <testcase classname="Test1" name="lowPriorityTest" time="0.0"/>
  <testcase classname="Test1" name="ignoredTest" time="0.0">
    <ignored/>
  </testcase> <!-- ignoredTest -->
  <testcase classname="Test1" name="disabledTest" time="0.0">
    <ignored/>
  </testcase> <!-- disabledTest -->
</testsuite> <!-- Surefire test -->
