<?xml version="1.0" encoding="UTF-8"?>
<testng-results ignored="3" total="8" passed="5" failed="0" skipped="0">
  <reporter-output>
  </reporter-output>
  <suite started-at="2025-08-27T23:23:10 EEST" name="MasterSuite" finished-at="2025-08-27T23:23:10 EEST" duration-ms="0">
    <groups>
    </groups>
  </suite> <!-- MasterSuite -->
  <suite started-at="2025-08-27T23:23:10 EEST" name="Suite1" finished-at="2025-08-27T23:23:10 EEST" duration-ms="39">
    <groups>
      <group name="GroupA">
        <method signature="GroupA1Test.testA1()[pri:0, instance:suite1.GroupA1Test@470f1802]" name="testA1" class="suite1.GroupA1Test"/>
        <method signature="GroupA1Test.testA2()[pri:0, instance:suite1.GroupA1Test@470f1802]" name="testA2" class="suite1.GroupA1Test"/>
      </group> <!-- GroupA -->
    </groups>
    <test started-at="2025-08-27T23:23:10 EEST" name="TestGroupA_Suite1" finished-at="2025-08-27T23:23:10 EEST" duration-ms="39">
      <class name="suite1.GroupA1Test">
        <test-method is-config="true" signature="beforeSuite()[pri:0, instance:suite1.GroupA1Test@470f1802]" started-at="2025-08-27T23:23:10 EEST" name="beforeSuite" finished-at="2025-08-27T23:23:10 EEST" duration-ms="13" status="PASS">
          <reporter-output>
          </reporter-output>
        </test-method> <!-- beforeSuite -->
        <test-method is-config="true" signature="beforeTest()[pri:0, instance:suite1.GroupA1Test@470f1802]" started-at="2025-08-27T23:23:10 EEST" name="beforeTest" finished-at="2025-08-27T23:23:10 EEST" duration-ms="0" status="PASS">
          <reporter-output>
          </reporter-output>
        </test-method> <!-- beforeTest -->
        <test-method is-config="true" signature="beforeClass()[pri:0, instance:suite1.GroupA1Test@470f1802]" started-at="2025-08-27T23:23:10 EEST" name="beforeClass" finished-at="2025-08-27T23:23:10 EEST" duration-ms="0" status="PASS">
          <reporter-output>
          </reporter-output>
        </test-method> <!-- beforeClass -->
        <test-method is-config="true" signature="beforeMethod()[pri:0, instance:suite1.GroupA1Test@470f1802]" started-at="2025-08-27T23:23:10 EEST" name="beforeMethod" finished-at="2025-08-27T23:23:10 EEST" duration-ms="0" status="PASS">
          <reporter-output>
          </reporter-output>
        </test-method> <!-- beforeMethod -->
        <test-method signature="testA1()[pri:0, instance:suite1.GroupA1Test@470f1802]" started-at="2025-08-27T23:23:10 EEST" name="testA1" finished-at="2025-08-27T23:23:10 EEST" duration-ms="2" status="PASS">
          <reporter-output>
          </reporter-output>
        </test-method> <!-- testA1 -->
        <test-method is-config="true" signature="afterMethod()[pri:0, instance:suite1.GroupA1Test@470f1802]" started-at="2025-08-27T23:23:10 EEST" name="afterMethod" finished-at="2025-08-27T23:23:10 EEST" duration-ms="0" status="PASS">
          <reporter-output>
          </reporter-output>
        </test-method> <!-- afterMethod -->
        <test-method is-config="true" signature="beforeMethod()[pri:0, instance:suite1.GroupA1Test@470f1802]" started-at="2025-08-27T23:23:10 EEST" name="beforeMethod" finished-at="2025-08-27T23:23:10 EEST" duration-ms="0" status="PASS">
          <reporter-output>
          </reporter-output>
        </test-method> <!-- beforeMethod -->
        <test-method signature="testA2()[pri:0, instance:suite1.GroupA1Test@470f1802]" started-at="2025-08-27T23:23:10 EEST" name="testA2" finished-at="2025-08-27T23:23:10 EEST" duration-ms="0" status="PASS">
          <reporter-output>
          </reporter-output>
        </test-method> <!-- testA2 -->
        <test-method is-config="true" signature="afterMethod()[pri:0, instance:suite1.GroupA1Test@470f1802]" started-at="2025-08-27T23:23:10 EEST" name="afterMethod" finished-at="2025-08-27T23:23:10 EEST" duration-ms="1" status="PASS">
          <reporter-output>
          </reporter-output>
        </test-method> <!-- afterMethod -->
        <test-method is-config="true" signature="afterClass()[pri:0, instance:suite1.GroupA1Test@470f1802]" started-at="2025-08-27T23:23:10 EEST" name="afterClass" finished-at="2025-08-27T23:23:10 EEST" duration-ms="0" status="PASS">
          <reporter-output>
          </reporter-output>
        </test-method> <!-- afterClass -->
        <test-method is-config="true" signature="afterTest()[pri:0, instance:suite1.GroupA1Test@470f1802]" started-at="2025-08-27T23:23:10 EEST" name="afterTest" finished-at="2025-08-27T23:23:10 EEST" duration-ms="0" status="PASS">
          <reporter-output>
          </reporter-output>
        </test-method> <!-- afterTest -->
        <test-method is-config="true" signature="afterSuite()[pri:0, instance:suite1.GroupA1Test@470f1802]" started-at="2025-08-27T23:23:10 EEST" name="afterSuite" finished-at="2025-08-27T23:23:10 EEST" duration-ms="0" status="PASS">
          <reporter-output>
          </reporter-output>
        </test-method> <!-- afterSuite -->
      </class> <!-- suite1.GroupA1Test -->
    </test> <!-- TestGroupA_Suite1 -->
  </suite> <!-- Suite1 -->
  <suite started-at="2025-08-27T23:23:10 EEST" name="Suite2" finished-at="2025-08-27T23:23:10 EEST" duration-ms="5">
    <groups>
      <group name="GroupA">
        <method signature="GroupA2Test.testA3()[pri:0, instance:suite2.GroupA2Test@6e171cd7]" name="testA3" class="suite2.GroupA2Test"/>
      </group> <!-- GroupA -->
      <group name="GroupB">
        <method signature="GroupB2Test.testB2()[pri:0, instance:suite2.GroupB2Test@f5ac9e4]" name="testB2" class="suite2.GroupB2Test"/>
        <method signature="GroupB2Test.testB3()[pri:0, instance:suite2.GroupB2Test@f5ac9e4]" name="testB3" class="suite2.GroupB2Test"/>
      </group> <!-- GroupB -->
    </groups>
    <test started-at="2025-08-27T23:23:10 EEST" name="TestGroupA_Suite2" finished-at="2025-08-27T23:23:10 EEST" duration-ms="2">
      <class name="suite2.GroupA2Test">
        <test-method signature="testA3()[pri:0, instance:suite2.GroupA2Test@6e171cd7]" started-at="2025-08-27T23:23:10 EEST" name="testA3" finished-at="2025-08-27T23:23:10 EEST" duration-ms="1" status="PASS">
          <reporter-output>
          </reporter-output>
        </test-method> <!-- testA3 -->
      </class> <!-- suite2.GroupA2Test -->
    </test> <!-- TestGroupA_Suite2 -->
    <test started-at="2025-08-27T23:23:10 EEST" name="TestGroupB_Suite2" finished-at="2025-08-27T23:23:10 EEST" duration-ms="1">
      <class name="suite2.GroupB2Test">
        <test-method signature="testB2()[pri:0, instance:suite2.GroupB2Test@f5ac9e4]" started-at="2025-08-27T23:23:10 EEST" name="testB2" finished-at="2025-08-27T23:23:10 EEST" duration-ms="0" status="PASS">
          <reporter-output>
          </reporter-output>
        </test-method> <!-- testB2 -->
        <test-method signature="testB3()[pri:0, instance:suite2.GroupB2Test@f5ac9e4]" started-at="2025-08-27T23:23:10 EEST" name="testB3" finished-at="2025-08-27T23:23:10 EEST" duration-ms="1" status="PASS">
          <reporter-output>
          </reporter-output>
        </test-method> <!-- testB3 -->
      </class> <!-- suite2.GroupB2Test -->
    </test> <!-- TestGroupB_Suite2 -->
  </suite> <!-- Suite2 -->
</testng-results>
