<?xml version="1.0" encoding="UTF-8"?>
<!-- Generated by org.testng.reporters.JUnitXMLReporter -->
<testsuite ignored="2" hostname="DESKTOP-HD87JMG" failures="0" tests="1" name="Invalid Password Test" time="3.355" errors="0" timestamp="2025-08-27T22:39:59 EEST">
  <testcase classname="Login_Tests" name="invalidPassword_TC1" time="0.517"/>
  <testcase classname="Login_Tests" name="Valid_TC" time="0.0">
    <ignored/>
  </testcase> <!-- Valid_TC -->
  <testcase classname="Login_Tests" name="invalidUserName_TC1" time="0.0">
    <ignored/>
  </testcase> <!-- invalidUserName_TC1 -->
</testsuite> <!-- Invalid Password Test -->
