<?xml version="1.0" encoding="UTF-8"?>
<testsuite xmlns:xsi="http://www.w3.org/2001/XMLSchema-instance" xsi:noNamespaceSchemaLocation="https://maven.apache.org/surefire/maven-surefire-plugin/xsd/surefire-test-report-3.0.xsd" version="3.0" name="Test1" time="0.301" tests="2" errors="0" skipped="0" failures="0">
  <properties>
[...]
</properties>
  <testcase name="test1" classname="Test1" time="0.001">
    <system-out><![CDATA[Before Suite: Setup for entire test suite
Before Test: Setup before <test> tag tests
Before Class: Run once before all test methods in this class
Before Method: Run before each test method
Test 1 Executed
]]></system-out>
    <system-err><![CDATA[SLF4J(W): No SLF4J providers were found.
SLF4J(W): Defaulting to no-operation (NOP) logger implementation
SLF4J(W): See https://www.slf4j.org/codes.html#noProviders for further details.
]]></system-err>
  </testcase>
  <testcase name="test2" classname="Test1" time="0.0">
    <system-out><![CDATA[After Method: Run after each test method
Before Method: Run before each test method
Test 2 Executed
]]></system-out>
  </testcase>
</testsuite>