<?xml version="1.0" encoding="UTF-8"?>
<!-- Generated by org.testng.reporters.JUnitXMLReporter -->
<testsuite ignored="2" hostname="DESKTOP-HD87JMG" failures="0" tests="1" name="ValidTest" time="5.055" errors="0" timestamp="2025-08-27T22:39:52 EEST">
  <testcase classname="Login_Tests" name="Valid_TC" time="0.524"/>
  <testcase classname="Login_Tests" name="invalidUserName_TC1" time="0.0">
    <ignored/>
  </testcase> <!-- invalidUserName_TC1 -->
  <testcase classname="Login_Tests" name="invalidPassword_TC1" time="0.0">
    <ignored/>
  </testcase> <!-- invalidPassword_TC1 -->
</testsuite> <!-- ValidTest -->
