<?xml version="1.0" encoding="UTF-8"?>
<testng-results ignored="0" total="1" passed="1" failed="0" skipped="0">
  <reporter-output>
  </reporter-output>
  <suite started-at="2025-09-14T18:14:05 EEST" name="MySuite" finished-at="2025-09-14T18:14:19 EEST" duration-ms="13722">
    <groups>
    </groups>
    <test started-at="2025-09-14T18:14:05 EEST" name=" RemoveProductsFromCartTest" finished-at="2025-09-14T18:14:19 EEST" duration-ms="13722">
      <class name="testCases.RemoveProductsFromCartTest">
        <test-method is-config="true" signature="setUp()[pri:0, instance:testCases.RemoveProductsFromCartTest@1ffe63b9]" started-at="2025-09-14T18:14:05 EEST" name="setUp" finished-at="2025-09-14T18:14:06 EEST" duration-ms="1156" status="PASS">
          <reporter-output>
          </reporter-output>
        </test-method> <!-- setUp -->
        <test-method signature="testRemoveProductFromCart()[pri:0, instance:testCases.RemoveProductsFromCartTest@1ffe63b9]" started-at="2025-09-14T18:14:06 EEST" name="testRemoveProductFromCart" finished-at="2025-09-14T18:14:19 EEST" duration-ms="12540" status="PASS">
          <reporter-output>
          </reporter-output>
        </test-method> <!-- testRemoveProductFromCart -->
      </class> <!-- testCases.RemoveProductsFromCartTest -->
    </test> <!--  RemoveProductsFromCartTest -->
  </suite> <!-- MySuite -->
</testng-results>
