<?xml version="1.0" encoding="UTF-8"?>
<testsuite xmlns:xsi="http://www.w3.org/2001/XMLSchema-instance" xsi:noNamespaceSchemaLocation="https://maven.apache.org/surefire/maven-surefire-plugin/xsd/surefire-test-report-3.0.xsd" version="3.0" name="TestSuite" time="67.635" tests="20" errors="0" skipped="0" failures="0">
  <properties>
[...]
</properties>
  <testcase name="method1" classname="packageOne_testng.ClassOne" time="0.005">
    <system-out><![CDATA[packageOne.ClassOne - method1
]]></system-out>
    <system-err><![CDATA[SLF4J(W): No SLF4J providers were found.
SLF4J(W): Defaulting to no-operation (NOP) logger implementation
SLF4J(W): See https://www.slf4j.org/codes.html#noProviders for further details.
]]></system-err>
  </testcase>
  <testcase name="method2" classname="packageOne_testng.ClassOne" time="0.001">
    <system-out><![CDATA[packageOne.ClassOne - method2
]]></system-out>
  </testcase>
  <testcase name="method3" classname="packageOne_testng.ClassOne" time="0.001">
    <system-out><![CDATA[packageOne.ClassOne - method3
]]></system-out>
  </testcase>
  <testcase name="method7" classname="packageOne_testng.ClassThree" time="0.0">
    <system-out><![CDATA[packageOne.ClassOne - method7
]]></system-out>
  </testcase>
  <testcase name="method8" classname="packageOne_testng.ClassThree" time="0.001">
    <system-out><![CDATA[packageOne.ClassOne - method8
]]></system-out>
  </testcase>
  <testcase name="method9" classname="packageOne_testng.ClassThree" time="0.001">
    <system-out><![CDATA[packageOne.ClassOne - method9
]]></system-out>
  </testcase>
  <testcase name="method4" classname="packageOne_testng.ClassTwo" time="0.0">
    <system-out><![CDATA[packageOne.ClassOne - method4
]]></system-out>
  </testcase>
  <testcase name="method5" classname="packageOne_testng.ClassTwo" time="0.001">
    <system-out><![CDATA[packageOne.ClassOne - method5
]]></system-out>
  </testcase>
  <testcase name="method6" classname="packageOne_testng.ClassTwo" time="0.001">
    <system-out><![CDATA[packageOne.ClassOne - method6
]]></system-out>
  </testcase>
  <testcase name="method13" classname="packageTwo_testng.ClassFive" time="0.001">
    <system-out><![CDATA[packageTwo.ClassFive - method13
]]></system-out>
  </testcase>
  <testcase name="method14" classname="packageTwo_testng.ClassFive" time="0.001">
    <system-out><![CDATA[packageTwo.ClassFive - method14
]]></system-out>
  </testcase>
  <testcase name="method15" classname="packageTwo_testng.ClassFive" time="0.0">
    <system-out><![CDATA[packageTwo.ClassFive - method15
]]></system-out>
  </testcase>
  <testcase name="method10" classname="packageTwo_testng.ClassFour" time="0.0">
    <system-out><![CDATA[packageTwo.ClassSix - method10
]]></system-out>
  </testcase>
  <testcase name="method11" classname="packageTwo_testng.ClassFour" time="0.001">
    <system-out><![CDATA[packageTwo.ClassSix - method11
]]></system-out>
  </testcase>
  <testcase name="method12" classname="packageTwo_testng.ClassFour" time="0.001">
    <system-out><![CDATA[packageTwo.ClassSix - method12
]]></system-out>
  </testcase>
  <testcase name="method16" classname="packageTwo_testng.ClassSix" time="0.0">
    <system-out><![CDATA[packageTwo.ClassSix - method16
]]></system-out>
  </testcase>
  <testcase name="method17" classname="packageTwo_testng.ClassSix" time="0.0">
    <system-out><![CDATA[packageTwo.ClassSix - method17
]]></system-out>
  </testcase>
  <testcase name="method18" classname="packageTwo_testng.ClassSix" time="0.001">
    <system-out><![CDATA[packageTwo.ClassSix - method18
]]></system-out>
  </testcase>
  <testcase name="testRegisterUser" classname="testCases.RegisterUserTest" time="36.634">
    <system-out><![CDATA[Browser Initialized.
Set Implicit Wait to 15 seconds.
Navigating to Automation Exercise...
Navigated to URL: http://automationexercise.com
Verifying home page...
Page title is 'Automation Exercise'
Clicking Signup/Login...
Clicked element By.xpath: //a[contains(text(),'Signup / Login')]
Verifying New User Signup text...
Explicit wait for presence of By.cssSelector: div.signup-form h2
Got text from element By.cssSelector: div.signup-form h2: New User Signup!
Entering signup details...
Sent keys to element By.cssSelector: input[data-qa='signup-name']
Sent keys to element By.cssSelector: input[data-qa='signup-email']
Clicking Signup button...
Clicked element By.cssSelector: button[data-qa='signup-button']
Verifying Account Information text...
Explicit wait for presence of By.cssSelector: h2.title:nth-child(1)
Got text from element By.cssSelector: h2.title:nth-child(1): ENTER ACCOUNT INFORMATION
Filling account information...
Clicked element By.id: id_gender1
Sent keys to element By.id: password
Selected dropdown value by value: 10
Selected dropdown value by value: 1
Selected dropdown value by value: 1990
Edges: Checked the checkbox By.id: newsletter
Edges: Checked the checkbox By.id: optin
Sent keys to element By.id: first_name
Sent keys to element By.id: last_name
Sent keys to element By.id: company
Sent keys to element By.id: address1
Sent keys to element By.id: address2
Selected dropdown value by visible text: United States
Sent keys to element By.id: state
Sent keys to element By.id: city
Sent keys to element By.id: zipcode
Sent keys to element By.id: mobile_number
Creating account...
Clicked element By.cssSelector: button[data-qa='create-account']
Verifying account creation...
Explicit wait for presence of By.cssSelector: h2[data-qa='account-created']
Got text from element By.cssSelector: h2[data-qa='account-created']: ACCOUNT CREATED!
Verifying account creation...
Explicit wait for presence of By.cssSelector: h2[data-qa='account-created']
Got text from element By.cssSelector: h2[data-qa='account-created']: ACCOUNT CREATED!
Clicked element By.cssSelector: a[data-qa='continue-button']
Verifying login status...
Got text from element By.xpath: //a[contains(text(),'Logged in as')]: Logged in as Test User
Clicked element By.xpath: //a[contains(text(),'Delete Account')]
Verifying account deletion...
Explicit wait for presence of By.cssSelector: h2[data-qa='account-deleted']
Got text from element By.cssSelector: h2[data-qa='account-deleted']: ACCOUNT DELETED!
Clicked element By.cssSelector: a[data-qa='continue-button']
]]></system-out>
    <system-err><![CDATA[Sep 12, 2025 3:43:16 AM org.openqa.selenium.devtools.CdpVersionFinder findNearestMatch
WARNING: Unable to find an exact match for CDP version 140, returning the closest version; found: 138; Please update to a Selenium version that supports CDP version 140
]]></system-err>
  </testcase>
  <testcase name="testRegisterUser" classname="testCases.RegisterUserTest" time="28.087">
    <system-out><![CDATA[Browser Closed.
Browser Initialized.
Set Implicit Wait to 15 seconds.
Navigating to Automation Exercise...
Navigated to URL: http://automationexercise.com
Verifying home page...
Page title is 'Automation Exercise'
Clicking Signup/Login...
Clicked element By.xpath: //a[contains(text(),'Signup / Login')]
Verifying New User Signup text...
Explicit wait for presence of By.cssSelector: div.signup-form h2
Got text from element By.cssSelector: div.signup-form h2: New User Signup!
Entering signup details...
Sent keys to element By.cssSelector: input[data-qa='signup-name']
Sent keys to element By.cssSelector: input[data-qa='signup-email']
Clicking Signup button...
Clicked element By.cssSelector: button[data-qa='signup-button']
Verifying Account Information text...
Explicit wait for presence of By.cssSelector: h2.title:nth-child(1)
Got text from element By.cssSelector: h2.title:nth-child(1): ENTER ACCOUNT INFORMATION
Filling account information...
Clicked element By.id: id_gender1
Sent keys to element By.id: password
Selected dropdown value by value: 10
Selected dropdown value by value: 1
Selected dropdown value by value: 1990
Edges: Checked the checkbox By.id: newsletter
Edges: Checked the checkbox By.id: optin
Sent keys to element By.id: first_name
Sent keys to element By.id: last_name
Sent keys to element By.id: company
Sent keys to element By.id: address1
Sent keys to element By.id: address2
Selected dropdown value by visible text: United States
Sent keys to element By.id: state
Sent keys to element By.id: city
Sent keys to element By.id: zipcode
Sent keys to element By.id: mobile_number
Creating account...
Clicked element By.cssSelector: button[data-qa='create-account']
Verifying account creation...
Explicit wait for presence of By.cssSelector: h2[data-qa='account-created']
Got text from element By.cssSelector: h2[data-qa='account-created']: ACCOUNT CREATED!
Verifying account creation...
Explicit wait for presence of By.cssSelector: h2[data-qa='account-created']
Got text from element By.cssSelector: h2[data-qa='account-created']: ACCOUNT CREATED!
Clicked element By.cssSelector: a[data-qa='continue-button']
Verifying login status...
Got text from element By.xpath: //a[contains(text(),'Logged in as')]: Logged in as Test User
Clicked element By.xpath: //a[contains(text(),'Delete Account')]
Verifying account deletion...
Explicit wait for presence of By.cssSelector: h2[data-qa='account-deleted']
Got text from element By.cssSelector: h2[data-qa='account-deleted']: ACCOUNT DELETED!
Clicked element By.cssSelector: a[data-qa='continue-button']
]]></system-out>
    <system-err><![CDATA[Sep 12, 2025 3:43:54 AM org.openqa.selenium.devtools.CdpVersionFinder findNearestMatch
WARNING: Unable to find an exact match for CDP version 140, returning the closest version; found: 138; Please update to a Selenium version that supports CDP version 140
]]></system-err>
  </testcase>
</testsuite>