<?xml version="1.0" encoding="UTF-8"?>
<testng-results ignored="0" total="1" passed="1" failed="0" skipped="0">
  <reporter-output>
  </reporter-output>
  <suite started-at="2025-09-14T01:09:45 EEST" name="MySuite" finished-at="2025-09-14T01:10:31 EEST" duration-ms="45787">
    <groups>
    </groups>
    <test started-at="2025-09-14T01:09:45 EEST" name="RegisterUserExistingEmailTest" finished-at="2025-09-14T01:10:31 EEST" duration-ms="45787">
      <class name="testCases.RegisterUserExistingEmailTest">
        <test-method is-config="true" signature="setUp()[pri:0, instance:testCases.RegisterUserExistingEmailTest@12e61fe6]" started-at="2025-09-14T01:09:45 EEST" name="setUp" finished-at="2025-09-14T01:09:50 EEST" duration-ms="4444" status="PASS">
          <reporter-output>
          </reporter-output>
        </test-method> <!-- setUp -->
        <test-method signature="testRegisterUserWithExistingEmail()[pri:0, instance:testCases.RegisterUserExistingEmailTest@12e61fe6]" started-at="2025-09-14T01:09:50 EEST" name="testRegisterUserWithExistingEmail" finished-at="2025-09-14T01:10:31 EEST" duration-ms="41120" status="PASS">
          <reporter-output>
          </reporter-output>
        </test-method> <!-- testRegisterUserWithExistingEmail -->
        <test-method is-config="true" signature="tearDown()[pri:0, instance:testCases.RegisterUserExistingEmailTest@12e61fe6]" started-at="2025-09-14T01:10:31 EEST" name="tearDown" finished-at="2025-09-14T01:10:31 EEST" duration-ms="190" status="PASS">
          <reporter-output>
          </reporter-output>
        </test-method> <!-- tearDown -->
      </class> <!-- testCases.RegisterUserExistingEmailTest -->
    </test> <!-- RegisterUserExistingEmailTest -->
  </suite> <!-- MySuite -->
</testng-results>
