<?xml version="1.0" encoding="UTF-8"?>
<testsuite xmlns:xsi="http://www.w3.org/2001/XMLSchema-instance" xsi:noNamespaceSchemaLocation="https://maven.apache.org/surefire/maven-surefire-plugin/xsd/surefire-test-report-3.0.xsd" version="3.0" name="TestSuite" time="12.031" tests="1" errors="0" skipped="0" failures="0">
  <properties>
[...]
</properties>
  <testcase name="testVerifyScrollUpUsingArrowAndScrollDown" classname="testCases.VerifyScrollUpWithArrowTest" time="10.524">
    <system-out><![CDATA[Browser Initialized.
Set Implicit Wait to 15 seconds.
Navigated to URL: http://automationexercise.com
Explicit wait for presence of By.cssSelector: a[href='/products']
Scrolled to element By.xpath: //footer//h2[contains(translate(.,'abcdefghijklmnopqrstuvwxyz','ABCDEFGHIJKLMNOPQRSTUVWXYZ'),'SUBSCRIPTION')] using Actions.scrollToElement().
Explicit wait for presence of By.xpath: //footer//h2[contains(translate(.,'abcdefghijklmnopqrstuvwxyz','ABCDEFGHIJKLMNOPQRSTUVWXYZ'),'SUBSCRIPTION')]
Got text from element By.xpath: //footer//h2[contains(translate(.,'abcdefghijklmnopqrstuvwxyz','ABCDEFGHIJKLMNOPQRSTUVWXYZ'),'SUBSCRIPTION')]: SUBSCRIPTION
Explicit wait for presence of By.cssSelector: #scrollUp
Clicked element By.cssSelector: #scrollUp
Explicit wait for presence of By.xpath: //*[contains(translate(.,'abcdefghijklmnopqrstuvwxyz','ABCDEFGHIJKLMNOPQRSTUVWXYZ'),'FULL-FLEDGED PRACTICE WEBSITE FOR AUTOMATION ENGINEERS')]
Got text from element By.xpath: //*[contains(translate(.,'abcdefghijklmnopqrstuvwxyz','ABCDEFGHIJKLMNOPQRSTUVWXYZ'),'FULL-FLEDGED PRACTICE WEBSITE FOR AUTOMATION ENGINEERS')]: Home
 Products
Cart
Signup / Login
Test Cases
API Testing
Video Tutorials
Contact us
AutomationExercise
Full-Fledged practice website for Automation Engineers
All QA engineers can use this website for automation practice and API testing either they are at beginner or advance level. This is for everybody to help them brush up their automation skills.
Test Cases APIs list for practice
CATEGORY
WOMEN
MEN
KIDS
BRANDS
(6)
POLO
(5)
H&M
(5)
MADAME
(3)
MAST & HARBOUR
(4)
BABYHUG
(3)
ALLEN SOLLY JUNIOR
(3)
KOOKIE KIDS
(5)
BIBA
FEATURES ITEMS
Rs. 500
Blue Top
Add to cart
View Product
Rs. 400
Men Tshirt
Add to cart
View Product
Rs. 1000
Sleeveless Dress
Add to cart
View Product
Rs. 1500
Stylish Dress
Add to cart
View Product
Rs. 600
Winter Top
Add to cart
View Product
Rs. 400
Summer White Top
Add to cart
View Product
Rs. 1000
Madame Top For Women
Add to cart
View Product
Rs. 700
Fancy Green Top
Add to cart
View Product
Rs. 499
Sleeves Printed Top - White
Add to cart
View Product
Rs. 359
Half Sleeves Top Schiffli Detailing - Pink
Add to cart
View Product
Rs. 278
Frozen Tops For Kids
Add to cart
View Product
Rs. 679
Full Sleeves Top Cherry - Pink
Add to cart
View Product
Rs. 315
Printed Off Shoulder Top - White
Add to cart
View Product
Rs. 478
Sleeves Top and Short - Blue & Pink
Add to cart
View Product
Rs. 1200
Little Girls Mr. Panda Shirt
Add to cart
View Product
Rs. 1050
Sleeveless Unicorn Patch Gown - Pink
Add to cart
View Product
Rs. 1190
Cotton Mull Embroidered Dress
Add to cart
View Product
Rs. 1530
Blue Cotton Indie Mickey Dress
Add to cart
View Product
Rs. 1600
Long Maxi Tulle Fancy Dress Up Outfits -Pink
Add to cart
View Product
Rs. 1100
Sleeveless Unicorn Print Fit & Flare Net Dress - Multi
Add to cart
View Product
Rs. 849
Colour Blocked Shirt – Sky Blue
Add to cart
View Product
Rs. 1299
Pure Cotton V-Neck T-Shirt
Add to cart
View Product
Rs. 1000
Green Side Placket Detail T-Shirt
Add to cart
View Product
Rs. 1500
Premium Polo T-Shirts
Add to cart
View Product
Rs. 850
Pure Cotton Neon Green Tshirt
Add to cart
View Product
Rs. 799
Soft Stretch Jeans
Add to cart
View Product
Rs. 1200
Regular Fit Straight Jeans
Add to cart
View Product
Rs. 1400
Grunt Blue Slim Fit Jeans
Add to cart
View Product
Rs. 2300
Rose Pink Embroidered Maxi Dress
Add to cart
View Product
Rs. 3000
Cotton Silk Hand Block Print Saree
Add to cart
View Product
Rs. 3500
Rust Red Linen Saree
Add to cart
View Product
Rs. 5000
Beautiful Peacock Blue Cotton Linen Saree
Add to cart
View Product
Rs. 1400
Lace Top For Women
Add to cart
View Product
Rs. 1389
GRAPHIC DESIGN MEN T SHIRT - BLUE
Add to cart
View Product
RECOMMENDED ITEMS
Rs. 1500
Stylish Dress
Add to cart
Rs. 600
Winter Top
Add to cart
Rs. 400
Summer White Top
Add to cart
SUBSCRIPTION
Get the most recent updates from
our site and be updated your self...
Copyright © 2021 All rights reserved
]]></system-out>
    <system-err><![CDATA[SLF4J(W): No SLF4J providers were found.
SLF4J(W): Defaulting to no-operation (NOP) logger implementation
SLF4J(W): See https://www.slf4j.org/codes.html#noProviders for further details.
Sep 14, 2025 10:23:30 PM org.openqa.selenium.devtools.CdpVersionFinder findNearestMatch
WARNING: Unable to find an exact match for CDP version 140, returning the closest version; found: 138; Please update to a Selenium version that supports CDP version 140
]]></system-err>
  </testcase>
</testsuite>