<?xml version="1.0" encoding="UTF-8"?>
<testng-results ignored="0" total="7" passed="7" failed="0" skipped="0">
  <reporter-output>
  </reporter-output>
  <suite started-at="2025-08-30T14:19:46 EEST" name="InvalidSuite" finished-at="2025-08-30T14:20:27 EEST" duration-ms="40778">
    <groups>
    </groups>
    <test started-at="2025-08-30T14:19:46 EEST" name="Invalid Username Test" finished-at="2025-08-30T14:20:27 EEST" duration-ms="40778">
      <class name="Login_Tests">
        <test-method is-config="true" signature="setUpClass()[pri:0, instance:Login_Tests@703580bf]" started-at="2025-08-30T14:19:46 EEST" name="setUpClass" finished-at="2025-08-30T14:19:46 EEST" duration-ms="31" status="PASS">
          <reporter-output>
          </reporter-output>
        </test-method> <!-- setUpClass -->
        <test-method is-config="true" signature="setUpMethod()[pri:0, instance:Login_Tests@703580bf]" started-at="2025-08-30T14:19:46 EEST" name="setUpMethod" finished-at="2025-08-30T14:19:54 EEST" duration-ms="7700" status="PASS">
          <reporter-output>
          </reporter-output>
        </test-method> <!-- setUpMethod -->
        <test-method signature="invalidUserName_TC(User)[pri:0, instance:Login_Tests@703580bf]" started-at="2025-08-30T14:19:54 EEST" name="invalidUserName_TC" data-provider="usersData" finished-at="2025-08-30T14:19:55 EEST" duration-ms="684" status="PASS">
          <params>
            <param index="0">
              <value>
                <![CDATA[User@14dda234]]>
              </value>
            </param>
          </params>
          <reporter-output>
          </reporter-output>
        </test-method> <!-- invalidUserName_TC -->
        <test-method is-config="true" signature="tearDownMethod()[pri:0, instance:Login_Tests@703580bf]" started-at="2025-08-30T14:19:55 EEST" name="tearDownMethod" finished-at="2025-08-30T14:19:55 EEST" duration-ms="115" status="PASS">
          <reporter-output>
          </reporter-output>
        </test-method> <!-- tearDownMethod -->
        <test-method is-config="true" signature="setUpMethod()[pri:0, instance:Login_Tests@703580bf]" started-at="2025-08-30T14:19:55 EEST" name="setUpMethod" finished-at="2025-08-30T14:20:00 EEST" duration-ms="4900" status="PASS">
          <reporter-output>
          </reporter-output>
        </test-method> <!-- setUpMethod -->
        <test-method signature="invalidUserName_TC(User)[pri:0, instance:Login_Tests@703580bf]" started-at="2025-08-30T14:20:00 EEST" name="invalidUserName_TC" data-provider="usersData" finished-at="2025-08-30T14:20:00 EEST" duration-ms="606" status="PASS">
          <params>
            <param index="0">
              <value>
                <![CDATA[User@56ace400]]>
              </value>
            </param>
          </params>
          <reporter-output>
          </reporter-output>
        </test-method> <!-- invalidUserName_TC -->
        <test-method is-config="true" signature="tearDownMethod()[pri:0, instance:Login_Tests@703580bf]" started-at="2025-08-30T14:20:00 EEST" name="tearDownMethod" finished-at="2025-08-30T14:20:00 EEST" duration-ms="107" status="PASS">
          <reporter-output>
          </reporter-output>
        </test-method> <!-- tearDownMethod -->
        <test-method is-config="true" signature="setUpMethod()[pri:0, instance:Login_Tests@703580bf]" started-at="2025-08-30T14:20:00 EEST" name="setUpMethod" finished-at="2025-08-30T14:20:04 EEST" duration-ms="3599" status="PASS">
          <reporter-output>
          </reporter-output>
        </test-method> <!-- setUpMethod -->
        <test-method signature="invalidUserName_TC(User)[pri:0, instance:Login_Tests@703580bf]" started-at="2025-08-30T14:20:04 EEST" name="invalidUserName_TC" data-provider="usersData" finished-at="2025-08-30T14:20:05 EEST" duration-ms="693" status="PASS">
          <params>
            <param index="0">
              <value>
                <![CDATA[User@6a988392]]>
              </value>
            </param>
          </params>
          <reporter-output>
          </reporter-output>
        </test-method> <!-- invalidUserName_TC -->
        <test-method is-config="true" signature="tearDownMethod()[pri:0, instance:Login_Tests@703580bf]" started-at="2025-08-30T14:20:05 EEST" name="tearDownMethod" finished-at="2025-08-30T14:20:05 EEST" duration-ms="131" status="PASS">
          <reporter-output>
          </reporter-output>
        </test-method> <!-- tearDownMethod -->
        <test-method is-config="true" signature="setUpMethod()[pri:0, instance:Login_Tests@703580bf]" started-at="2025-08-30T14:20:05 EEST" name="setUpMethod" finished-at="2025-08-30T14:20:09 EEST" duration-ms="4100" status="PASS">
          <reporter-output>
          </reporter-output>
        </test-method> <!-- setUpMethod -->
        <test-method signature="invalidUserName_TC(User)[pri:0, instance:Login_Tests@703580bf]" started-at="2025-08-30T14:20:09 EEST" name="invalidUserName_TC" data-provider="usersData" finished-at="2025-08-30T14:20:09 EEST" duration-ms="580" status="PASS">
          <params>
            <param index="0">
              <value>
                <![CDATA[User@23a9ba52]]>
              </value>
            </param>
          </params>
          <reporter-output>
          </reporter-output>
        </test-method> <!-- invalidUserName_TC -->
        <test-method is-config="true" signature="tearDownMethod()[pri:0, instance:Login_Tests@703580bf]" started-at="2025-08-30T14:20:09 EEST" name="tearDownMethod" finished-at="2025-08-30T14:20:10 EEST" duration-ms="113" status="PASS">
          <reporter-output>
          </reporter-output>
        </test-method> <!-- tearDownMethod -->
        <test-method is-config="true" signature="setUpMethod()[pri:0, instance:Login_Tests@703580bf]" started-at="2025-08-30T14:20:10 EEST" name="setUpMethod" finished-at="2025-08-30T14:20:17 EEST" duration-ms="7042" status="PASS">
          <reporter-output>
          </reporter-output>
        </test-method> <!-- setUpMethod -->
        <test-method signature="invalidUserName_TC(User)[pri:0, instance:Login_Tests@703580bf]" started-at="2025-08-30T14:20:17 EEST" name="invalidUserName_TC" data-provider="usersData" finished-at="2025-08-30T14:20:17 EEST" duration-ms="549" status="PASS">
          <params>
            <param index="0">
              <value>
                <![CDATA[User@4cc61eb1]]>
              </value>
            </param>
          </params>
          <reporter-output>
          </reporter-output>
        </test-method> <!-- invalidUserName_TC -->
        <test-method is-config="true" signature="tearDownMethod()[pri:0, instance:Login_Tests@703580bf]" started-at="2025-08-30T14:20:17 EEST" name="tearDownMethod" finished-at="2025-08-30T14:20:17 EEST" duration-ms="104" status="PASS">
          <reporter-output>
          </reporter-output>
        </test-method> <!-- tearDownMethod -->
        <test-method is-config="true" signature="setUpMethod()[pri:0, instance:Login_Tests@703580bf]" started-at="2025-08-30T14:20:17 EEST" name="setUpMethod" finished-at="2025-08-30T14:20:21 EEST" duration-ms="4078" status="PASS">
          <reporter-output>
          </reporter-output>
        </test-method> <!-- setUpMethod -->
        <test-method signature="invalidUserName_TC(User)[pri:0, instance:Login_Tests@703580bf]" started-at="2025-08-30T14:20:21 EEST" name="invalidUserName_TC" data-provider="usersData" finished-at="2025-08-30T14:20:22 EEST" duration-ms="1112" status="PASS">
          <params>
            <param index="0">
              <value>
                <![CDATA[User@350b3a17]]>
              </value>
            </param>
          </params>
          <reporter-output>
          </reporter-output>
        </test-method> <!-- invalidUserName_TC -->
        <test-method is-config="true" signature="tearDownMethod()[pri:0, instance:Login_Tests@703580bf]" started-at="2025-08-30T14:20:22 EEST" name="tearDownMethod" finished-at="2025-08-30T14:20:23 EEST" duration-ms="107" status="PASS">
          <reporter-output>
          </reporter-output>
        </test-method> <!-- tearDownMethod -->
        <test-method is-config="true" signature="setUpMethod()[pri:0, instance:Login_Tests@703580bf]" started-at="2025-08-30T14:20:23 EEST" name="setUpMethod" finished-at="2025-08-30T14:20:26 EEST" duration-ms="3679" status="PASS">
          <reporter-output>
          </reporter-output>
        </test-method> <!-- setUpMethod -->
        <test-method signature="invalidUserName_TC(User)[pri:0, instance:Login_Tests@703580bf]" started-at="2025-08-30T14:20:26 EEST" name="invalidUserName_TC" data-provider="usersData" finished-at="2025-08-30T14:20:27 EEST" duration-ms="613" status="PASS">
          <params>
            <param index="0">
              <value>
                <![CDATA[User@18388a3c]]>
              </value>
            </param>
          </params>
          <reporter-output>
          </reporter-output>
        </test-method> <!-- invalidUserName_TC -->
        <test-method is-config="true" signature="tearDownMethod()[pri:0, instance:Login_Tests@703580bf]" started-at="2025-08-30T14:20:27 EEST" name="tearDownMethod" finished-at="2025-08-30T14:20:27 EEST" duration-ms="106" status="PASS">
          <reporter-output>
          </reporter-output>
        </test-method> <!-- tearDownMethod -->
      </class> <!-- Login_Tests -->
    </test> <!-- Invalid Username Test -->
  </suite> <!-- InvalidSuite -->
</testng-results>
